{
  "0 debug pnpm:scope": {
    "selected": 1
  },
  "1 debug pnpm:package-manifest": {
    "initial": {
      "name": "island-dev",
      "version": "1.0.0",
      "description": "",
      "main": "index.js",
      "scripts": {
        "test": "echo \"Error: no test specified\" && exit 1"
      },
      "keywords": [],
      "author": "",
      "license": "ISC"
    },
    "prefix": "/Users/ys/code/vite-ssg/island-dev"
  },
  "2 debug pnpm:context": {
    "currentLockfileExists": false,
    "storeDir": "/Users/ys/Library/pnpm/store/v3",
    "virtualStoreDir": "/Users/ys/code/vite-ssg/island-dev/node_modules/.pnpm"
  },
  "3 debug pnpm:stage": {
    "prefix": "/Users/ys/code/vite-ssg/island-dev",
    "stage": "resolution_started"
  },
  "4 error pnpm": {
    "code": "ERR_PNPM_FETCH_404",
    "hint": "@type/node is not in the npm registry, or you have no permission to fetch it.\n\nNo authorization header was set for the request.",
    "request": {
      "url": "https://registry.npmmirror.com/@type%2Fnode"
    },
    "response": {
      "size": 0
    },
    "pkgName": "@type/node",
    "spec": {
      "fetchSpec": "latest",
      "name": "@type/node",
      "type": "tag"
    },
    "pkgsStack": [],
    "err": {
      "name": "pnpm",
      "message": "GET https://registry.npmmirror.com/@type%2Fnode: Not Found - 404",
      "code": "ERR_PNPM_FETCH_404",
      "stack": "pnpm: GET https://registry.npmmirror.com/@type%2Fnode: Not Found - 404\n    at RetryOperation._fn (/Users/ys/.nvm/versions/node/v16.13.0/lib/node_modules/pnpm/dist/pnpm.cjs:84538:19)\n    at processTicksAndRejections (node:internal/process/task_queues:96:5)"
    }
  }
}