{
  "0 debug pnpm:scope": {
    "selected": 1
  },
  "1 info pnpm": {
    "err": {
      "name": "Error",
      "message": "not found: serve",
      "code": "ENOENT",
      "stack": "Error: not found: serve\n    at getNotFoundError (/Users/ys/.nvm/versions/node/v16.13.0/lib/node_modules/pnpm/dist/pnpm.cjs:41759:51)\n    at Function.whichSync [as sync] (/Users/ys/.nvm/versions/node/v16.13.0/lib/node_modules/pnpm/dist/pnpm.cjs:41836:13)\n    at getCommandAbsolutePathSync (/Users/ys/.nvm/versions/node/v16.13.0/lib/node_modules/pnpm/dist/pnpm.cjs:43401:44)\n    at default_1 (/Users/ys/.nvm/versions/node/v16.13.0/lib/node_modules/pnpm/dist/pnpm.cjs:43410:32)\n    at /Users/ys/.nvm/versions/node/v16.13.0/lib/node_modules/pnpm/dist/pnpm.cjs:178873:39"
    }
  },
  "2 error pnpm": {
    "code": "ERR_PNPM_RECURSIVE_EXEC_FIRST_FAIL",
    "prefix": "/Users/ys/code/vite-ssg/island-dev",
    "err": {
      "name": "pnpm",
      "message": "not found: serve",
      "code": "ERR_PNPM_RECURSIVE_EXEC_FIRST_FAIL",
      "stack": "Error: not found: serve\n    at getNotFoundError (/Users/ys/.nvm/versions/node/v16.13.0/lib/node_modules/pnpm/dist/pnpm.cjs:41759:51)\n    at Function.whichSync [as sync] (/Users/ys/.nvm/versions/node/v16.13.0/lib/node_modules/pnpm/dist/pnpm.cjs:41836:13)\n    at getCommandAbsolutePathSync (/Users/ys/.nvm/versions/node/v16.13.0/lib/node_modules/pnpm/dist/pnpm.cjs:43401:44)\n    at default_1 (/Users/ys/.nvm/versions/node/v16.13.0/lib/node_modules/pnpm/dist/pnpm.cjs:43410:32)\n    at /Users/ys/.nvm/versions/node/v16.13.0/lib/node_modules/pnpm/dist/pnpm.cjs:178873:39"
    }
  }
}